<?xml version="1.0" encoding="UTF-8"?>
<testsuite xmlns:xsi="http://www.w3.org/2001/XMLSchema-instance" xsi:noNamespaceSchemaLocation="https://maven.apache.org/surefire/maven-surefire-plugin/xsd/surefire-test-report.xsd" name="com.lti.demo.CalculatorTest" time="0.001" tests="4" errors="0" skipped="0" failures="0">
  <properties>
[...]
</properties>
  <testcase name="testProd1" classname="com.lti.demo.CalculatorTest" time="0"/>
  <testcase name="testProd2" classname="com.lti.demo.CalculatorTest" time="0"/>
  <testcase name="testAdd1" classname="com.lti.demo.CalculatorTest" time="0"/>
  <testcase name="testAdd2" classname="com.lti.demo.CalculatorTest" time="0"/>
</testsuite>